Using pre-set license
Built from '2021.3/staging' branch; Version is '2021.3.4f1 (cb45f9cae8b7) revision 13321721'; Using compiler version '192829333'; Build Type 'Release'
OS: 'Windows 11  (10.0.22000) 64bit Core' Language: 'fr' Physical Memory: 8112 MB
BatchMode: 1, IsHumanControllingUs: 0, StartBugReporterOnCrash: 0, Is64bit: 1, IsPro: 1

COMMAND LINE ARGUMENTS:
C:\Program Files\Unity\Hub\Editor\2021.3.4f1\Editor\Unity.exe
-adb2
-batchMode
-noUpm
-name
AssetImportWorker0
-projectPath
C:/Users/paulm/2-game-kit-projet/2d gamekit
-logFile
Logs/AssetImportWorker0.log
-srvPort
51457
Successfully changed project path to: C:/Users/paulm/2-game-kit-projet/2d gamekit
C:/Users/paulm/2-game-kit-projet/2d gamekit
[UnityMemory] Configuration Parameters - Can be set up in boot.config
    "memorysetup-bucket-allocator-granularity=16"
    "memorysetup-bucket-allocator-bucket-count=8"
    "memorysetup-bucket-allocator-block-size=33554432"
    "memorysetup-bucket-allocator-block-count=8"
    "memorysetup-main-allocator-block-size=16777216"
    "memorysetup-thread-allocator-block-size=16777216"
    "memorysetup-gfx-main-allocator-block-size=16777216"
    "memorysetup-gfx-thread-allocator-block-size=16777216"
    "memorysetup-cache-allocator-block-size=4194304"
    "memorysetup-typetree-allocator-block-size=2097152"
    "memorysetup-profiler-bucket-allocator-granularity=16"
    "memorysetup-profiler-bucket-allocator-bucket-count=8"
    "memorysetup-profiler-bucket-allocator-block-size=33554432"
    "memorysetup-profiler-bucket-allocator-block-count=8"
    "memorysetup-profiler-allocator-block-size=16777216"
    "memorysetup-profiler-editor-allocator-block-size=1048576"
    "memorysetup-temp-allocator-size-main=16777216"
    "memorysetup-job-temp-allocator-block-size=2097152"
    "memorysetup-job-temp-allocator-block-size-background=1048576"
    "memorysetup-job-temp-allocator-reduction-small-platforms=262144"
    "memorysetup-temp-allocator-size-background-worker=32768"
    "memorysetup-temp-allocator-size-job-worker=262144"
    "memorysetup-temp-allocator-size-preload-manager=33554432"
    "memorysetup-temp-allocator-size-nav-mesh-worker=65536"
    "memorysetup-temp-allocator-size-audio-worker=65536"
    "memorysetup-temp-allocator-size-cloud-worker=32768"
    "memorysetup-temp-allocator-size-gi-baking-worker=262144"
    "memorysetup-temp-allocator-size-gfx=262144"
Refreshing native plugins compatible for Editor in 202.05 ms, found 3 plugins.
Preloading 0 native plugins for Editor in 0.00 ms.
Initialize engine version: 2021.3.4f1 (cb45f9cae8b7)
[Subsystems] Discovering subsystems at path C:/Program Files/Unity/Hub/Editor/2021.3.4f1/Editor/Data/Resources/UnitySubsystems
[Subsystems] Discovering subsystems at path C:/Users/paulm/2-game-kit-projet/2d gamekit/Assets
GfxDevice: creating device client; threaded=0; jobified=0
Direct3D:
    Version:  Direct3D 11.0 [level 11.1]
    Renderer: NVIDIA GeForce GTX 1650 (ID=0x1f91)
    Vendor:   NVIDIA
    VRAM:     3962 MB
    Driver:   31.0.15.1659
Initialize mono
Mono path[0] = 'C:/Program Files/Unity/Hub/Editor/2021.3.4f1/Editor/Data/Managed'
Mono path[1] = 'C:/Program Files/Unity/Hub/Editor/2021.3.4f1/Editor/Data/MonoBleedingEdge/lib/mono/unityjit-win32'
Mono config path = 'C:/Program Files/Unity/Hub/Editor/2021.3.4f1/Editor/Data/MonoBleedingEdge/etc'
Using monoOptions --debugger-agent=transport=dt_socket,embedding=1,server=y,suspend=n,address=127.0.0.1:56096
Begin MonoManager ReloadAssembly
Registering precompiled unity dll's ...
Register platform support module: C:/Program Files/Unity/Hub/Editor/2021.3.4f1/Editor/Data/PlaybackEngines/WebGLSupport/UnityEditor.WebGL.Extensions.dll
Register platform support module: C:/Program Files/Unity/Hub/Editor/2021.3.4f1/Editor/Data/PlaybackEngines/WindowsStandaloneSupport/UnityEditor.WindowsStandalone.Extensions.dll
Registered in 0.011343 seconds.
Native extension for WindowsStandalone target not found
Native extension for WebGL target not found
Refreshing native plugins compatible for Editor in 202.85 ms, found 3 plugins.
Preloading 0 native plugins for Editor in 0.00 ms.
Mono: successfully reloaded assembly
- Completed reload, in  1.345 seconds
Domain Reload Profiling:
	ReloadAssembly (1346ms)
		BeginReloadAssembly (139ms)
			ExecutionOrderSort (0ms)
			DisableScriptedObjects (0ms)
			BackupInstance (0ms)
			ReleaseScriptingObjects (0ms)
			CreateAndSetChildDomain (2ms)
		EndReloadAssembly (970ms)
			LoadAssemblies (136ms)
			RebuildTransferFunctionScriptingTraits (0ms)
			SetupTypeCache (257ms)
			ReleaseScriptCaches (0ms)
			RebuildScriptCaches (47ms)
			SetupLoadedEditorAssemblies (574ms)
				LogAssemblyErrors (0ms)
				InitializePlatformSupportModulesInManaged (16ms)
				SetLoadedEditorAssemblies (0ms)
				RefreshPlugins (203ms)
				BeforeProcessingInitializeOnLoad (3ms)
				ProcessInitializeOnLoadAttributes (255ms)
				ProcessInitializeOnLoadMethodAttributes (96ms)
				AfterProcessingInitializeOnLoad (0ms)
				EditorAssembliesLoaded (0ms)
			ExecutionOrderSort2 (0ms)
			AwakeInstancesAfterBackupRestoration (0ms)
Platform modules already initialized, skipping
Registering precompiled user dll's ...
Registered in 0.010417 seconds.
Begin MonoManager ReloadAssembly
Symbol file LoadedFromMemory doesn't match image C:\Users\paulm\2-game-kit-projet\2d gamekit\Library\PackageCache\com.unity.visualscripting@1.7.8\Editor\VisualScripting.Core\Dependencies\YamlDotNet\Unity.VisualScripting.YamlDotNet.dll
Symbol file LoadedFromMemory doesn't match image C:\Users\paulm\2-game-kit-projet\2d gamekit\Library\PackageCache\com.unity.visualscripting@1.7.8\Editor\VisualScripting.Core\Dependencies\DotNetZip\Unity.VisualScripting.IonicZip.dll
Native extension for WindowsStandalone target not found
Native extension for WebGL target not found
Refreshing native plugins compatible for Editor in 1.46 ms, found 3 plugins.
Preloading 0 native plugins for Editor in 0.00 ms.
Mono: successfully reloaded assembly
- Completed reload, in  2.309 seconds
Domain Reload Profiling:
	ReloadAssembly (2310ms)
		BeginReloadAssembly (194ms)
			ExecutionOrderSort (0ms)
			DisableScriptedObjects (9ms)
			BackupInstance (0ms)
			ReleaseScriptingObjects (0ms)
			CreateAndSetChildDomain (33ms)
		EndReloadAssembly (1919ms)
			LoadAssemblies (162ms)
			RebuildTransferFunctionScriptingTraits (0ms)
			SetupTypeCache (564ms)
			ReleaseScriptCaches (1ms)
			RebuildScriptCaches (112ms)
			SetupLoadedEditorAssemblies (1019ms)
				LogAssemblyErrors (0ms)
				InitializePlatformSupportModulesInManaged (12ms)
				SetLoadedEditorAssemblies (1ms)
				RefreshPlugins (2ms)
				BeforeProcessingInitializeOnLoad (177ms)
				ProcessInitializeOnLoadAttributes (761ms)
				ProcessInitializeOnLoadMethodAttributes (57ms)
				AfterProcessingInitializeOnLoad (9ms)
				EditorAssembliesLoaded (0ms)
			ExecutionOrderSort2 (0ms)
			AwakeInstancesAfterBackupRestoration (10ms)
Platform modules already initialized, skipping
========================================================================
Worker process is ready to serve import requests
Launched and connected shader compiler UnityShaderCompiler.exe after 0.08 seconds
Refreshing native plugins compatible for Editor in 1.25 ms, found 3 plugins.
Preloading 0 native plugins for Editor in 0.00 ms.
Unloading 3937 Unused Serialized files (Serialized files now loaded: 0)
Unloading 44 unused Assets / (1.4 MB). Loaded Objects now: 4396.
Memory consumption went from 147.5 MB to 146.1 MB.
Total: 5.754800 ms (FindLiveObjects: 0.693900 ms CreateObjectMapping: 0.635400 ms MarkObjects: 3.918700 ms  DeleteObjects: 0.505200 ms)

AssetImportParameters requested are different than current active one (requested -> active):
  custom:video-decoder-ogg-theora: a1e56fd34408186e4bbccfd4996cb3dc -> 
  custom:container-muxer-webm: aa71ff27fc2769a1b78a27578f13a17b -> 
  custom:container-demuxer-webm: 4f35f7cbe854078d1ac9338744f61a02 -> 
  custom:video-encoder-webm-vp8: eb34c28f22e8b96e1ab97ce403110664 -> 
  custom:video-codec-MediaFoundation-h265: 746d11721c4dcdbdad8f713fa42b33f4 -> 
  custom:audio-encoder-webm-vorbis: bf7c407c2cedff20999df2af8eb42d56 -> 
  custom:framework-win-MediaFoundation: 216162199b28c13a410421893ffa2e32 -> 
  custom:container-demuxer-ogg: 62fdf1f143b41e24485cea50d1cbac27 -> 
  custom:video-decoder-webm-vp8: 9c59270c3fd7afecdb556c50c9e8de78 -> 
  custom:audio-decoder-ogg-vorbis: bf7c407c2cedff20999df2af8eb42d56 -> 
========================================================================
Received Import Request.
  Time since last request: 16027.178112 seconds.
  path: Assets/2DGamekit/Audio/Interactables/SpikeImpact.ogg
  artifactKey: Guid(a5406be214f159a4abfedff134037b3d) Importer(815301076,1909f56bfc062723c751e8b465ee728b)
Start importing Assets/2DGamekit/Audio/Interactables/SpikeImpact.ogg using Guid(a5406be214f159a4abfedff134037b3d) Importer(815301076,1909f56bfc062723c751e8b465ee728b)  -> (artifact id: '22644cf30f900998e190b3d9d35ba2c0') in 0.207382 seconds 
========================================================================
Received Import Request.
  Time since last request: 0.217232 seconds.
  path: Assets/2DGamekit/Audio/Enemies/Spitter/SpitterAttack.ogg
  artifactKey: Guid(626b798008ec0b44297bde1ab89110d9) Importer(815301076,1909f56bfc062723c751e8b465ee728b)
Start importing Assets/2DGamekit/Audio/Enemies/Spitter/SpitterAttack.ogg using Guid(626b798008ec0b44297bde1ab89110d9) Importer(815301076,1909f56bfc062723c751e8b465ee728b)  -> (artifact id: '8c3b378277a2ae086e196e6d0bb9b2b8') in 0.024345 seconds 
========================================================================
Received Import Request.
  Time since last request: 0.000033 seconds.
  path: Assets/2DGamekit/Audio/Enemies/Spitter/SpitterAttack02.ogg
  artifactKey: Guid(483e3145e94a4024382267d950e66a4e) Importer(815301076,1909f56bfc062723c751e8b465ee728b)
Start importing Assets/2DGamekit/Audio/Enemies/Spitter/SpitterAttack02.ogg using Guid(483e3145e94a4024382267d950e66a4e) Importer(815301076,1909f56bfc062723c751e8b465ee728b)  -> (artifact id: 'd8a3ed2ba1b76c2705e7792957939d0a') in 0.015912 seconds 
========================================================================
Received Import Request.
  Time since last request: 0.000023 seconds.
  path: Assets/2DGamekit/Audio/Enemies/Spitter/SpitterDie.ogg
  artifactKey: Guid(348a440d6212342409cdc06412272519) Importer(815301076,1909f56bfc062723c751e8b465ee728b)
Start importing Assets/2DGamekit/Audio/Enemies/Spitter/SpitterDie.ogg using Guid(348a440d6212342409cdc06412272519) Importer(815301076,1909f56bfc062723c751e8b465ee728b)  -> (artifact id: '019985467009c42a29ec8f2b3ac4020a') in 0.020099 seconds 
========================================================================
Received Import Request.
  Time since last request: 0.000030 seconds.
  path: Assets/2DGamekit/Audio/Enemies/Spitter/SpitterIdle01.ogg
  artifactKey: Guid(096c953738cd7064f872d9cd2bc0c4ef) Importer(815301076,1909f56bfc062723c751e8b465ee728b)
Start importing Assets/2DGamekit/Audio/Enemies/Spitter/SpitterIdle01.ogg using Guid(096c953738cd7064f872d9cd2bc0c4ef) Importer(815301076,1909f56bfc062723c751e8b465ee728b)  -> (artifact id: '5a717aa45e260d7d31efd1a010e0f252') in 0.022701 seconds 
========================================================================
Received Import Request.
  Time since last request: 0.000027 seconds.
  path: Assets/2DGamekit/Art/Sprites/AnimatedSprites/Enemies/Spitter/Attack/SpitterAttack_26.png
  artifactKey: Guid(6016bca53a5cef1449c5464da0fd040c) Importer(815301076,1909f56bfc062723c751e8b465ee728b)
Start importing Assets/2DGamekit/Art/Sprites/AnimatedSprites/Enemies/Spitter/Attack/SpitterAttack_26.png using Guid(6016bca53a5cef1449c5464da0fd040c) Importer(815301076,1909f56bfc062723c751e8b465ee728b)  -> (artifact id: '75547b5683fe47b877a5ed0a95850b37') in 0.066268 seconds 
========================================================================
Received Import Request.
  Time since last request: 0.000018 seconds.
  path: Assets/2DGamekit/Art/Sprites/AnimatedSprites/Enemies/Spitter/Attack/SpitterAttack_10.png
  artifactKey: Guid(7c80543db09a5ec4cbf32e6ebd148879) Importer(815301076,1909f56bfc062723c751e8b465ee728b)
Start importing Assets/2DGamekit/Art/Sprites/AnimatedSprites/Enemies/Spitter/Attack/SpitterAttack_10.png using Guid(7c80543db09a5ec4cbf32e6ebd148879) Importer(815301076,1909f56bfc062723c751e8b465ee728b)  -> (artifact id: '2217a9692744567a9d49f0d0ccaccdbf') in 0.032603 seconds 
========================================================================
Received Import Request.
  Time since last request: 0.000026 seconds.
  path: Assets/2DGamekit/Art/Sprites/AnimatedSprites/Enemies/Spitter/Attack/SpitterAttack_32.png
  artifactKey: Guid(f09178b404a32834883bc08597522d22) Importer(815301076,1909f56bfc062723c751e8b465ee728b)
Start importing Assets/2DGamekit/Art/Sprites/AnimatedSprites/Enemies/Spitter/Attack/SpitterAttack_32.png using Guid(f09178b404a32834883bc08597522d22) Importer(815301076,1909f56bfc062723c751e8b465ee728b)  -> (artifact id: '351a3588075a39993603db3ef2bd8cf8') in 0.031249 seconds 
========================================================================
Received Import Request.
  Time since last request: 0.000038 seconds.
  path: Assets/2DGamekit/Audio/Enemies/Spitter/SpitterIdle03.ogg
  artifactKey: Guid(410d6e072c4707340a8533a6df8f3c9c) Importer(815301076,1909f56bfc062723c751e8b465ee728b)
Start importing Assets/2DGamekit/Audio/Enemies/Spitter/SpitterIdle03.ogg using Guid(410d6e072c4707340a8533a6df8f3c9c) Importer(815301076,1909f56bfc062723c751e8b465ee728b)  -> (artifact id: '3f3fa70266f1c787df0fa201d83fe84f') in 0.020430 seconds 
========================================================================
Received Import Request.
  Time since last request: 0.000047 seconds.
  path: Assets/2DGamekit/Art/Sprites/AnimatedSprites/Enemies/Spitter/Attack/SpitterAttack_20.png
  artifactKey: Guid(10136a82fe95130409081e398fe24178) Importer(815301076,1909f56bfc062723c751e8b465ee728b)
Start importing Assets/2DGamekit/Art/Sprites/AnimatedSprites/Enemies/Spitter/Attack/SpitterAttack_20.png using Guid(10136a82fe95130409081e398fe24178) Importer(815301076,1909f56bfc062723c751e8b465ee728b)  -> (artifact id: '1a3ed4ba3633d0b82c9dcb52f33da21c') in 0.027594 seconds 
========================================================================
Received Import Request.
  Time since last request: 0.000031 seconds.
  path: Assets/2DGamekit/Art/Sprites/AnimatedSprites/Enemies/Spitter/Attack/SpitterAttack_28.png
  artifactKey: Guid(eadcf2981659a764c86bafbe6ce6f044) Importer(815301076,1909f56bfc062723c751e8b465ee728b)
Start importing Assets/2DGamekit/Art/Sprites/AnimatedSprites/Enemies/Spitter/Attack/SpitterAttack_28.png using Guid(eadcf2981659a764c86bafbe6ce6f044) Importer(815301076,1909f56bfc062723c751e8b465ee728b)  -> (artifact id: 'd5adec499ec66d272ddfbe254afabbb3') in 0.030896 seconds 
========================================================================
Received Import Request.
  Time since last request: 0.000041 seconds.
  path: Assets/2DGamekit/Audio/Enemies/Spitter/SpitterAttack03.ogg
  artifactKey: Guid(ca8d70067fe3e8045b1368d231e661c4) Importer(815301076,1909f56bfc062723c751e8b465ee728b)
Start importing Assets/2DGamekit/Audio/Enemies/Spitter/SpitterAttack03.ogg using Guid(ca8d70067fe3e8045b1368d231e661c4) Importer(815301076,1909f56bfc062723c751e8b465ee728b)  -> (artifact id: '82b77de9b6672eaced43d7e1f879c7ff') in 0.016032 seconds 
========================================================================
Received Import Request.
  Time since last request: 0.000026 seconds.
  path: Assets/2DGamekit/Art/Sprites/AnimatedSprites/Enemies/Spitter/Attack/SpitterAttack_08.png
  artifactKey: Guid(ea75f18dd428482458ec6b1ea19ae71b) Importer(815301076,1909f56bfc062723c751e8b465ee728b)
Start importing Assets/2DGamekit/Art/Sprites/AnimatedSprites/Enemies/Spitter/Attack/SpitterAttack_08.png using Guid(ea75f18dd428482458ec6b1ea19ae71b) Importer(815301076,1909f56bfc062723c751e8b465ee728b)  -> (artifact id: '37b9954f68b4c67e60eaa57b66beabbc') in 0.029285 seconds 
========================================================================
Received Import Request.
  Time since last request: 0.000024 seconds.
  path: Assets/2DGamekit/Art/Sprites/AnimatedSprites/Enemies/Spitter/Attack/SpitterAttack_22.png
  artifactKey: Guid(93dbc21f8c967174d9724ded23bcaa46) Importer(815301076,1909f56bfc062723c751e8b465ee728b)
Start importing Assets/2DGamekit/Art/Sprites/AnimatedSprites/Enemies/Spitter/Attack/SpitterAttack_22.png using Guid(93dbc21f8c967174d9724ded23bcaa46) Importer(815301076,1909f56bfc062723c751e8b465ee728b)  -> (artifact id: 'd164b5531a3a60ebceb8253627d9f21c') in 0.028665 seconds 
========================================================================
Received Import Request.
  Time since last request: 0.000039 seconds.
  path: Assets/2DGamekit/Art/Sprites/AnimatedSprites/Enemies/Spitter/Attack/SpitterAttack_02.png
  artifactKey: Guid(8adfa5608930ca2439e971779195e6d5) Importer(815301076,1909f56bfc062723c751e8b465ee728b)
Start importing Assets/2DGamekit/Art/Sprites/AnimatedSprites/Enemies/Spitter/Attack/SpitterAttack_02.png using Guid(8adfa5608930ca2439e971779195e6d5) Importer(815301076,1909f56bfc062723c751e8b465ee728b)  -> (artifact id: 'f17d7544f8f9f45ded36a1723219ad0a') in 0.030877 seconds 
========================================================================
Received Import Request.
  Time since last request: 0.000027 seconds.
  path: Assets/2DGamekit/Art/Sprites/AnimatedSprites/Enemies/Spitter/Attack/SpitterAttack_18.png
  artifactKey: Guid(8d4804cf4e8b18246a0b9de4bb5f7887) Importer(815301076,1909f56bfc062723c751e8b465ee728b)
Start importing Assets/2DGamekit/Art/Sprites/AnimatedSprites/Enemies/Spitter/Attack/SpitterAttack_18.png using Guid(8d4804cf4e8b18246a0b9de4bb5f7887) Importer(815301076,1909f56bfc062723c751e8b465ee728b)  -> (artifact id: '2c85523d88cc03ef90d3f0f30087b646') in 0.029571 seconds 
========================================================================
Received Import Request.
  Time since last request: 35.856517 seconds.
  path: Assets/2DGamekit/Art/Sprites/UI/HUD/EllenHealth.png
  artifactKey: Guid(fc49794cc535bef4f969645c4eb97b80) Importer(815301076,1909f56bfc062723c751e8b465ee728b)
Start importing Assets/2DGamekit/Art/Sprites/UI/HUD/EllenHealth.png using Guid(fc49794cc535bef4f969645c4eb97b80) Importer(815301076,1909f56bfc062723c751e8b465ee728b)  -> (artifact id: '772fdc8521b933d520f07aaec5459485') in 0.120186 seconds 
========================================================================
Received Prepare
Registering precompiled user dll's ...
Registered in 0.004331 seconds.
Begin MonoManager ReloadAssembly
Symbol file LoadedFromMemory doesn't match image C:\Users\paulm\2-game-kit-projet\2d gamekit\Library\PackageCache\com.unity.visualscripting@1.7.8\Editor\VisualScripting.Core\Dependencies\YamlDotNet\Unity.VisualScripting.YamlDotNet.dll
Symbol file LoadedFromMemory doesn't match image C:\Users\paulm\2-game-kit-projet\2d gamekit\Library\PackageCache\com.unity.visualscripting@1.7.8\Editor\VisualScripting.Core\Dependencies\DotNetZip\Unity.VisualScripting.IonicZip.dll
Native extension for WindowsStandalone target not found
Native extension for WebGL target not found
Refreshing native plugins compatible for Editor in 0.99 ms, found 3 plugins.
Preloading 0 native plugins for Editor in 0.00 ms.
Mono: successfully reloaded assembly
- Completed reload, in  1.248 seconds
Domain Reload Profiling:
	ReloadAssembly (1249ms)
		BeginReloadAssembly (152ms)
			ExecutionOrderSort (0ms)
			DisableScriptedObjects (6ms)
			BackupInstance (0ms)
			ReleaseScriptingObjects (0ms)
			CreateAndSetChildDomain (50ms)
		EndReloadAssembly (976ms)
			LoadAssemblies (87ms)
			RebuildTransferFunctionScriptingTraits (0ms)
			SetupTypeCache (319ms)
			ReleaseScriptCaches (1ms)
			RebuildScriptCaches (61ms)
			SetupLoadedEditorAssemblies (450ms)
				LogAssemblyErrors (0ms)
				InitializePlatformSupportModulesInManaged (15ms)
				SetLoadedEditorAssemblies (1ms)
				RefreshPlugins (1ms)
				BeforeProcessingInitializeOnLoad (78ms)
				ProcessInitializeOnLoadAttributes (303ms)
				ProcessInitializeOnLoadMethodAttributes (45ms)
				AfterProcessingInitializeOnLoad (7ms)
				EditorAssembliesLoaded (0ms)
			ExecutionOrderSort2 (0ms)
			AwakeInstancesAfterBackupRestoration (8ms)
Platform modules already initialized, skipping
Refreshing native plugins compatible for Editor in 3.61 ms, found 3 plugins.
Preloading 0 native plugins for Editor in 0.00 ms.
Unloading 3886 Unused Serialized files (Serialized files now loaded: 0)
Unloading 33 unused Assets / (1.4 MB). Loaded Objects now: 4414.
Memory consumption went from 147.6 MB to 146.2 MB.
Total: 4.020500 ms (FindLiveObjects: 0.388900 ms CreateObjectMapping: 0.458700 ms MarkObjects: 2.804500 ms  DeleteObjects: 0.366600 ms)

AssetImportParameters requested are different than current active one (requested -> active):
  custom:video-decoder-ogg-theora: a1e56fd34408186e4bbccfd4996cb3dc -> 
  custom:container-muxer-webm: aa71ff27fc2769a1b78a27578f13a17b -> 
  custom:container-demuxer-webm: 4f35f7cbe854078d1ac9338744f61a02 -> 
  custom:video-encoder-webm-vp8: eb34c28f22e8b96e1ab97ce403110664 -> 
  custom:video-codec-MediaFoundation-h265: 746d11721c4dcdbdad8f713fa42b33f4 -> 
  custom:audio-encoder-webm-vorbis: bf7c407c2cedff20999df2af8eb42d56 -> 
  custom:framework-win-MediaFoundation: 216162199b28c13a410421893ffa2e32 -> 
  custom:container-demuxer-ogg: 62fdf1f143b41e24485cea50d1cbac27 -> 
  custom:video-decoder-webm-vp8: 9c59270c3fd7afecdb556c50c9e8de78 -> 
  custom:audio-decoder-ogg-vorbis: bf7c407c2cedff20999df2af8eb42d56 -> 
========================================================================
Received Prepare
Registering precompiled user dll's ...
Registered in 0.005400 seconds.
Begin MonoManager ReloadAssembly
Symbol file LoadedFromMemory doesn't match image C:\Users\paulm\2-game-kit-projet\2d gamekit\Library\PackageCache\com.unity.visualscripting@1.7.8\Editor\VisualScripting.Core\Dependencies\YamlDotNet\Unity.VisualScripting.YamlDotNet.dll
Symbol file LoadedFromMemory doesn't match image C:\Users\paulm\2-game-kit-projet\2d gamekit\Library\PackageCache\com.unity.visualscripting@1.7.8\Editor\VisualScripting.Core\Dependencies\DotNetZip\Unity.VisualScripting.IonicZip.dll
Native extension for WindowsStandalone target not found
Native extension for WebGL target not found
Refreshing native plugins compatible for Editor in 1.76 ms, found 3 plugins.
Preloading 0 native plugins for Editor in 0.00 ms.
Mono: successfully reloaded assembly
- Completed reload, in  1.284 seconds
Domain Reload Profiling:
	ReloadAssembly (1285ms)
		BeginReloadAssembly (150ms)
			ExecutionOrderSort (0ms)
			DisableScriptedObjects (8ms)
			BackupInstance (0ms)
			ReleaseScriptingObjects (0ms)
			CreateAndSetChildDomain (50ms)
		EndReloadAssembly (1034ms)
			LoadAssemblies (84ms)
			RebuildTransferFunctionScriptingTraits (0ms)
			SetupTypeCache (340ms)
			ReleaseScriptCaches (1ms)
			RebuildScriptCaches (57ms)
			SetupLoadedEditorAssemblies (487ms)
				LogAssemblyErrors (0ms)
				InitializePlatformSupportModulesInManaged (20ms)
				SetLoadedEditorAssemblies (1ms)
				RefreshPlugins (2ms)
				BeforeProcessingInitializeOnLoad (89ms)
				ProcessInitializeOnLoadAttributes (324ms)
				ProcessInitializeOnLoadMethodAttributes (45ms)
				AfterProcessingInitializeOnLoad (7ms)
				EditorAssembliesLoaded (0ms)
			ExecutionOrderSort2 (0ms)
			AwakeInstancesAfterBackupRestoration (9ms)
Platform modules already initialized, skipping
Refreshing native plugins compatible for Editor in 3.89 ms, found 3 plugins.
Preloading 0 native plugins for Editor in 0.00 ms.
Unloading 3886 Unused Serialized files (Serialized files now loaded: 0)
Unloading 33 unused Assets / (1.4 MB). Loaded Objects now: 4417.
Memory consumption went from 147.6 MB to 146.2 MB.
Total: 5.859900 ms (FindLiveObjects: 0.405900 ms CreateObjectMapping: 0.367900 ms MarkObjects: 4.353000 ms  DeleteObjects: 0.731700 ms)

AssetImportParameters requested are different than current active one (requested -> active):
  custom:video-decoder-ogg-theora: a1e56fd34408186e4bbccfd4996cb3dc -> 
  custom:container-muxer-webm: aa71ff27fc2769a1b78a27578f13a17b -> 
  custom:container-demuxer-webm: 4f35f7cbe854078d1ac9338744f61a02 -> 
  custom:video-encoder-webm-vp8: eb34c28f22e8b96e1ab97ce403110664 -> 
  custom:video-codec-MediaFoundation-h265: 746d11721c4dcdbdad8f713fa42b33f4 -> 
  custom:audio-encoder-webm-vorbis: bf7c407c2cedff20999df2af8eb42d56 -> 
  custom:framework-win-MediaFoundation: 216162199b28c13a410421893ffa2e32 -> 
  custom:container-demuxer-ogg: 62fdf1f143b41e24485cea50d1cbac27 -> 
  custom:video-decoder-webm-vp8: 9c59270c3fd7afecdb556c50c9e8de78 -> 
  custom:audio-decoder-ogg-vorbis: bf7c407c2cedff20999df2af8eb42d56 -> 
========================================================================
Received Import Request.
  Time since last request: 216.211862 seconds.
  path: Assets/2DGamekit/Prefabs/VFX/Ellen/Bullet.prefab
  artifactKey: Guid(4593cdd83a432764aac5e418b812b3e0) Importer(815301076,1909f56bfc062723c751e8b465ee728b)
Start importing Assets/2DGamekit/Prefabs/VFX/Ellen/Bullet.prefab using Guid(4593cdd83a432764aac5e418b812b3e0) Importer(815301076,1909f56bfc062723c751e8b465ee728b)  -> (artifact id: 'cd7abafdcc5200ee0f0357d5a391de63') in 0.091401 seconds 
========================================================================
Received Import Request.
  Time since last request: 5.656261 seconds.
  path: Assets/2DGamekit/Scripts/Character/MonoBehaviours/BulletPool.cs
  artifactKey: Guid(f228fbb363353454ca367fa9d85a2d98) Importer(815301076,1909f56bfc062723c751e8b465ee728b)
Start importing Assets/2DGamekit/Scripts/Character/MonoBehaviours/BulletPool.cs using Guid(f228fbb363353454ca367fa9d85a2d98) Importer(815301076,1909f56bfc062723c751e8b465ee728b)  -> (artifact id: '45b93efae3c800cf66eaf6ba6b8ebbf2') in 0.006161 seconds 
========================================================================
Received Import Request.
  Time since last request: 410.660989 seconds.
  path: Assets/2DGamekit/Art/Sprites/UI/Menu
  artifactKey: Guid(c28a55267ddb7f748bc346eb60d2fd98) Importer(815301076,1909f56bfc062723c751e8b465ee728b)
Start importing Assets/2DGamekit/Art/Sprites/UI/Menu using Guid(c28a55267ddb7f748bc346eb60d2fd98) Importer(815301076,1909f56bfc062723c751e8b465ee728b)  -> (artifact id: '23bf845dd16ee37662d850b12f8055d4') in 0.006158 seconds 
========================================================================
Received Import Request.
  Time since last request: 0.027456 seconds.
  path: Assets/2DGamekit/Art/Sprites/UI/Menu/StartLogo.png
  artifactKey: Guid(a5ace13b550b5e54587948013cac9a8d) Importer(815301076,1909f56bfc062723c751e8b465ee728b)
Start importing Assets/2DGamekit/Art/Sprites/UI/Menu/StartLogo.png using Guid(a5ace13b550b5e54587948013cac9a8d) Importer(815301076,1909f56bfc062723c751e8b465ee728b)  -> (artifact id: '4e003b64a078e1ccfad1cab3fefa32a4') in 0.195838 seconds 
========================================================================
Received Import Request.
  Time since last request: 0.000021 seconds.
  path: Assets/2DGamekit/Art/Sprites/UI/Menu/UnityMasterWhite.png
  artifactKey: Guid(4caaf034ab6d75d449a95bdb1245ef37) Importer(815301076,1909f56bfc062723c751e8b465ee728b)
Start importing Assets/2DGamekit/Art/Sprites/UI/Menu/UnityMasterWhite.png using Guid(4caaf034ab6d75d449a95bdb1245ef37) Importer(815301076,1909f56bfc062723c751e8b465ee728b)  -> (artifact id: '0a965e9638efef75a9e2067a6ffc269e') in 0.164135 seconds 
========================================================================
Received Import Request.
  Time since last request: 138.744268 seconds.
  path: Assets/2DGamekit/Art/Sprites/AnimatedSprites/Enemies/Chomper/Attack/ChomperAttack_00011.png
  artifactKey: Guid(0ce1ce8775d04c04091f4c852f4f4ec5) Importer(815301076,1909f56bfc062723c751e8b465ee728b)
Start importing Assets/2DGamekit/Art/Sprites/AnimatedSprites/Enemies/Chomper/Attack/ChomperAttack_00011.png using Guid(0ce1ce8775d04c04091f4c852f4f4ec5) Importer(815301076,1909f56bfc062723c751e8b465ee728b)  -> (artifact id: '67ee270a47da23b6f7c25a1097c01f1d') in 0.107880 seconds 
========================================================================
Received Import Request.
  Time since last request: 0.000033 seconds.
  path: Assets/2DGamekit/Art/Sprites/AnimatedSprites/Enemies/Chomper/Idle/ChomperIdle_00011.png
  artifactKey: Guid(c00121950f177f84092fd15f53c6ac66) Importer(815301076,1909f56bfc062723c751e8b465ee728b)
Start importing Assets/2DGamekit/Art/Sprites/AnimatedSprites/Enemies/Chomper/Idle/ChomperIdle_00011.png using Guid(c00121950f177f84092fd15f53c6ac66) Importer(815301076,1909f56bfc062723c751e8b465ee728b)  -> (artifact id: 'fa98124fa3cde9bed4bda3a8a0a1d98a') in 0.037768 seconds 
========================================================================
Received Import Request.
  Time since last request: 0.000034 seconds.
  path: Assets/2DGamekit/Art/Sprites/AnimatedSprites/Enemies/Chomper/Idle/ChomperIdle_00003.png
  artifactKey: Guid(41ee8205a421b1643824c4bd4c9b12b0) Importer(815301076,1909f56bfc062723c751e8b465ee728b)
Start importing Assets/2DGamekit/Art/Sprites/AnimatedSprites/Enemies/Chomper/Idle/ChomperIdle_00003.png using Guid(41ee8205a421b1643824c4bd4c9b12b0) Importer(815301076,1909f56bfc062723c751e8b465ee728b)  -> (artifact id: '1ed665c0754331d618e7d970b39039a4') in 0.034376 seconds 
========================================================================
Received Import Request.
  Time since last request: 0.000027 seconds.
  path: Assets/2DGamekit/Art/Sprites/AnimatedSprites/Enemies/Chomper/Attack/ChomperAttack_00017.png
  artifactKey: Guid(e1faa5d36f8d3e843b5367af93176284) Importer(815301076,1909f56bfc062723c751e8b465ee728b)
Start importing Assets/2DGamekit/Art/Sprites/AnimatedSprites/Enemies/Chomper/Attack/ChomperAttack_00017.png using Guid(e1faa5d36f8d3e843b5367af93176284) Importer(815301076,1909f56bfc062723c751e8b465ee728b)  -> (artifact id: '0b72ab6da4754a7a848a9b3fd6b4c860') in 0.035587 seconds 
========================================================================
Received Import Request.
  Time since last request: 0.000022 seconds.
  path: Assets/2DGamekit/Art/Sprites/AnimatedSprites/Enemies/Chomper/Idle/ChomperIdle_00009.png
  artifactKey: Guid(9e540f44219d80243bec5e2191787a0c) Importer(815301076,1909f56bfc062723c751e8b465ee728b)
Start importing Assets/2DGamekit/Art/Sprites/AnimatedSprites/Enemies/Chomper/Idle/ChomperIdle_00009.png using Guid(9e540f44219d80243bec5e2191787a0c) Importer(815301076,1909f56bfc062723c751e8b465ee728b)  -> (artifact id: 'e6e682221b87891f2f9729e056c45d1b') in 0.036646 seconds 
========================================================================
Received Import Request.
  Time since last request: 0.000030 seconds.
  path: Assets/2DGamekit/Art/Sprites/AnimatedSprites/Enemies/Chomper/Idle/ChomperIdle_00023.png
  artifactKey: Guid(8ae4d681ab837c64796c0b72ee2584a0) Importer(815301076,1909f56bfc062723c751e8b465ee728b)
Start importing Assets/2DGamekit/Art/Sprites/AnimatedSprites/Enemies/Chomper/Idle/ChomperIdle_00023.png using Guid(8ae4d681ab837c64796c0b72ee2584a0) Importer(815301076,1909f56bfc062723c751e8b465ee728b)  -> (artifact id: 'abc5024c2d787eeee2f980c30925e1d9') in 0.029967 seconds 
========================================================================
Received Import Request.
  Time since last request: 0.000028 seconds.
  path: Assets/2DGamekit/Art/Sprites/AnimatedSprites/Enemies/Chomper/Idle/ChomperIdle_00017.png
  artifactKey: Guid(dae848790acd29544a951ec295aecf71) Importer(815301076,1909f56bfc062723c751e8b465ee728b)
Start importing Assets/2DGamekit/Art/Sprites/AnimatedSprites/Enemies/Chomper/Idle/ChomperIdle_00017.png using Guid(dae848790acd29544a951ec295aecf71) Importer(815301076,1909f56bfc062723c751e8b465ee728b)  -> (artifact id: '18962c5868888c0603bc997798924a65') in 0.043292 seconds 
========================================================================
Received Import Request.
  Time since last request: 0.000036 seconds.
  path: Assets/2DGamekit/Audio/Enemies/Chomper/ChomperFootstep01.ogg
  artifactKey: Guid(2efac6b1f1b3cb84f8090b80da4bf152) Importer(815301076,1909f56bfc062723c751e8b465ee728b)
Start importing Assets/2DGamekit/Audio/Enemies/Chomper/ChomperFootstep01.ogg using Guid(2efac6b1f1b3cb84f8090b80da4bf152) Importer(815301076,1909f56bfc062723c751e8b465ee728b)  -> (artifact id: '70578d1c7a097043b5323258cb2293b4') in 0.016650 seconds 
========================================================================
Received Import Request.
  Time since last request: 0.000031 seconds.
  path: Assets/2DGamekit/Art/Sprites/AnimatedSprites/Enemies/Chomper/Idle/ChomperIdle_00015.png
  artifactKey: Guid(26aea5a92fc76f648bb6522f06a0af58) Importer(815301076,1909f56bfc062723c751e8b465ee728b)
Start importing Assets/2DGamekit/Art/Sprites/AnimatedSprites/Enemies/Chomper/Idle/ChomperIdle_00015.png using Guid(26aea5a92fc76f648bb6522f06a0af58) Importer(815301076,1909f56bfc062723c751e8b465ee728b)  -> (artifact id: 'b41618f80b87f8da2464b8b7b85eac85') in 0.034801 seconds 
========================================================================
Received Import Request.
  Time since last request: 0.000029 seconds.
  path: Assets/2DGamekit/Art/Sprites/AnimatedSprites/Enemies/Chomper/Attack/ChomperAttack_00019.png
  artifactKey: Guid(8b5d6d95c402e6e479a2528aceb461c1) Importer(815301076,1909f56bfc062723c751e8b465ee728b)
Start importing Assets/2DGamekit/Art/Sprites/AnimatedSprites/Enemies/Chomper/Attack/ChomperAttack_00019.png using Guid(8b5d6d95c402e6e479a2528aceb461c1) Importer(815301076,1909f56bfc062723c751e8b465ee728b)  -> (artifact id: '3b216af71323176ecd28b15d06fef263') in 0.029652 seconds 
========================================================================
Received Import Request.
  Time since last request: 0.000024 seconds.
  path: Assets/2DGamekit/Art/Sprites/AnimatedSprites/Enemies/Chomper/Idle/ChomperIdle_00027.png
  artifactKey: Guid(d3ae7713c92135644b592b6979acbcfc) Importer(815301076,1909f56bfc062723c751e8b465ee728b)
Start importing Assets/2DGamekit/Art/Sprites/AnimatedSprites/Enemies/Chomper/Idle/ChomperIdle_00027.png using Guid(d3ae7713c92135644b592b6979acbcfc) Importer(815301076,1909f56bfc062723c751e8b465ee728b)  -> (artifact id: '4535e1d609575656f6f11119444838bc') in 0.031383 seconds 
========================================================================
Received Import Request.
  Time since last request: 0.000023 seconds.
  path: Assets/2DGamekit/Art/Sprites/AnimatedSprites/Enemies/Chomper/Idle/ChomperIdle_00021.png
  artifactKey: Guid(f7636f79f29fce1469dfb21774e2b9d7) Importer(815301076,1909f56bfc062723c751e8b465ee728b)
Start importing Assets/2DGamekit/Art/Sprites/AnimatedSprites/Enemies/Chomper/Idle/ChomperIdle_00021.png using Guid(f7636f79f29fce1469dfb21774e2b9d7) Importer(815301076,1909f56bfc062723c751e8b465ee728b)  -> (artifact id: '3d710d2d5b44b789acc787448902be81') in 0.031195 seconds 
========================================================================
Received Prepare
Registering precompiled user dll's ...
Registered in 0.005202 seconds.
Begin MonoManager ReloadAssembly
Symbol file LoadedFromMemory doesn't match image C:\Users\paulm\2-game-kit-projet\2d gamekit\Library\PackageCache\com.unity.visualscripting@1.7.8\Editor\VisualScripting.Core\Dependencies\YamlDotNet\Unity.VisualScripting.YamlDotNet.dll
Symbol file LoadedFromMemory doesn't match image C:\Users\paulm\2-game-kit-projet\2d gamekit\Library\PackageCache\com.unity.visualscripting@1.7.8\Editor\VisualScripting.Core\Dependencies\DotNetZip\Unity.VisualScripting.IonicZip.dll
Native extension for WindowsStandalone target not found
Native extension for WebGL target not found
Refreshing native plugins compatible for Editor in 1.32 ms, found 3 plugins.
Preloading 0 native plugins for Editor in 0.00 ms.
Mono: successfully reloaded assembly
- Completed reload, in  1.256 seconds
Domain Reload Profiling:
	ReloadAssembly (1256ms)
		BeginReloadAssembly (148ms)
			ExecutionOrderSort (0ms)
			DisableScriptedObjects (8ms)
			BackupInstance (0ms)
			ReleaseScriptingObjects (0ms)
			CreateAndSetChildDomain (43ms)
		EndReloadAssembly (1003ms)
			LoadAssemblies (92ms)
			RebuildTransferFunctionScriptingTraits (0ms)
			SetupTypeCache (326ms)
			ReleaseScriptCaches (1ms)
			RebuildScriptCaches (54ms)
			SetupLoadedEditorAssemblies (466ms)
				LogAssemblyErrors (0ms)
				InitializePlatformSupportModulesInManaged (16ms)
				SetLoadedEditorAssemblies (1ms)
				RefreshPlugins (1ms)
				BeforeProcessingInitializeOnLoad (82ms)
				ProcessInitializeOnLoadAttributes (312ms)
				ProcessInitializeOnLoadMethodAttributes (46ms)
				AfterProcessingInitializeOnLoad (8ms)
				EditorAssembliesLoaded (0ms)
			ExecutionOrderSort2 (0ms)
			AwakeInstancesAfterBackupRestoration (9ms)
Platform modules already initialized, skipping
Refreshing native plugins compatible for Editor in 3.42 ms, found 3 plugins.
Preloading 0 native plugins for Editor in 0.00 ms.
Unloading 3886 Unused Serialized files (Serialized files now loaded: 0)
Unloading 33 unused Assets / (1.4 MB). Loaded Objects now: 4426.
Memory consumption went from 147.7 MB to 146.3 MB.
Total: 4.288500 ms (FindLiveObjects: 0.446000 ms CreateObjectMapping: 0.557600 ms MarkObjects: 2.933800 ms  DeleteObjects: 0.350200 ms)

AssetImportParameters requested are different than current active one (requested -> active):
  custom:video-decoder-ogg-theora: a1e56fd34408186e4bbccfd4996cb3dc -> 
  custom:container-muxer-webm: aa71ff27fc2769a1b78a27578f13a17b -> 
  custom:container-demuxer-webm: 4f35f7cbe854078d1ac9338744f61a02 -> 
  custom:video-encoder-webm-vp8: eb34c28f22e8b96e1ab97ce403110664 -> 
  custom:video-codec-MediaFoundation-h265: 746d11721c4dcdbdad8f713fa42b33f4 -> 
  custom:audio-encoder-webm-vorbis: bf7c407c2cedff20999df2af8eb42d56 -> 
  custom:framework-win-MediaFoundation: 216162199b28c13a410421893ffa2e32 -> 
  custom:container-demuxer-ogg: 62fdf1f143b41e24485cea50d1cbac27 -> 
  custom:video-decoder-webm-vp8: 9c59270c3fd7afecdb556c50c9e8de78 -> 
  custom:audio-decoder-ogg-vorbis: bf7c407c2cedff20999df2af8eb42d56 -> 
========================================================================
Received Prepare
Registering precompiled user dll's ...
Registered in 0.004334 seconds.
Begin MonoManager ReloadAssembly
Symbol file LoadedFromMemory doesn't match image C:\Users\paulm\2-game-kit-projet\2d gamekit\Library\PackageCache\com.unity.visualscripting@1.7.8\Editor\VisualScripting.Core\Dependencies\YamlDotNet\Unity.VisualScripting.YamlDotNet.dll
Symbol file LoadedFromMemory doesn't match image C:\Users\paulm\2-game-kit-projet\2d gamekit\Library\PackageCache\com.unity.visualscripting@1.7.8\Editor\VisualScripting.Core\Dependencies\DotNetZip\Unity.VisualScripting.IonicZip.dll
Native extension for WindowsStandalone target not found
Native extension for WebGL target not found
Refreshing native plugins compatible for Editor in 1.26 ms, found 3 plugins.
Preloading 0 native plugins for Editor in 0.00 ms.
Mono: successfully reloaded assembly
- Completed reload, in  1.303 seconds
Domain Reload Profiling:
	ReloadAssembly (1304ms)
		BeginReloadAssembly (145ms)
			ExecutionOrderSort (0ms)
			DisableScriptedObjects (6ms)
			BackupInstance (0ms)
			ReleaseScriptingObjects (0ms)
			CreateAndSetChildDomain (52ms)
		EndReloadAssembly (1056ms)
			LoadAssemblies (89ms)
			RebuildTransferFunctionScriptingTraits (0ms)
			SetupTypeCache (326ms)
			ReleaseScriptCaches (2ms)
			RebuildScriptCaches (58ms)
			SetupLoadedEditorAssemblies (499ms)
				LogAssemblyErrors (0ms)
				InitializePlatformSupportModulesInManaged (25ms)
				SetLoadedEditorAssemblies (1ms)
				RefreshPlugins (1ms)
				BeforeProcessingInitializeOnLoad (102ms)
				ProcessInitializeOnLoadAttributes (316ms)
				ProcessInitializeOnLoadMethodAttributes (46ms)
				AfterProcessingInitializeOnLoad (8ms)
				EditorAssembliesLoaded (0ms)
			ExecutionOrderSort2 (0ms)
			AwakeInstancesAfterBackupRestoration (8ms)
Platform modules already initialized, skipping
Refreshing native plugins compatible for Editor in 3.31 ms, found 3 plugins.
Preloading 0 native plugins for Editor in 0.00 ms.
Unloading 3886 Unused Serialized files (Serialized files now loaded: 0)
Unloading 33 unused Assets / (1.4 MB). Loaded Objects now: 4429.
Memory consumption went from 147.7 MB to 146.3 MB.
Total: 5.777100 ms (FindLiveObjects: 0.826300 ms CreateObjectMapping: 0.707100 ms MarkObjects: 3.825500 ms  DeleteObjects: 0.416800 ms)

AssetImportParameters requested are different than current active one (requested -> active):
  custom:video-decoder-ogg-theora: a1e56fd34408186e4bbccfd4996cb3dc -> 
  custom:container-muxer-webm: aa71ff27fc2769a1b78a27578f13a17b -> 
  custom:container-demuxer-webm: 4f35f7cbe854078d1ac9338744f61a02 -> 
  custom:video-encoder-webm-vp8: eb34c28f22e8b96e1ab97ce403110664 -> 
  custom:video-codec-MediaFoundation-h265: 746d11721c4dcdbdad8f713fa42b33f4 -> 
  custom:audio-encoder-webm-vorbis: bf7c407c2cedff20999df2af8eb42d56 -> 
  custom:framework-win-MediaFoundation: 216162199b28c13a410421893ffa2e32 -> 
  custom:container-demuxer-ogg: 62fdf1f143b41e24485cea50d1cbac27 -> 
  custom:video-decoder-webm-vp8: 9c59270c3fd7afecdb556c50c9e8de78 -> 
  custom:audio-decoder-ogg-vorbis: bf7c407c2cedff20999df2af8eb42d56 -> 
========================================================================
Received Prepare
Registering precompiled user dll's ...
Registered in 0.004486 seconds.
Begin MonoManager ReloadAssembly
Symbol file LoadedFromMemory doesn't match image C:\Users\paulm\2-game-kit-projet\2d gamekit\Library\PackageCache\com.unity.visualscripting@1.7.8\Editor\VisualScripting.Core\Dependencies\YamlDotNet\Unity.VisualScripting.YamlDotNet.dll
Symbol file LoadedFromMemory doesn't match image C:\Users\paulm\2-game-kit-projet\2d gamekit\Library\PackageCache\com.unity.visualscripting@1.7.8\Editor\VisualScripting.Core\Dependencies\DotNetZip\Unity.VisualScripting.IonicZip.dll
Native extension for WindowsStandalone target not found
Native extension for WebGL target not found
Refreshing native plugins compatible for Editor in 1.30 ms, found 3 plugins.
Preloading 0 native plugins for Editor in 0.00 ms.
Mono: successfully reloaded assembly
- Completed reload, in  1.425 seconds
Domain Reload Profiling:
	ReloadAssembly (1426ms)
		BeginReloadAssembly (194ms)
			ExecutionOrderSort (0ms)
			DisableScriptedObjects (10ms)
			BackupInstance (0ms)
			ReleaseScriptingObjects (0ms)
			CreateAndSetChildDomain (65ms)
		EndReloadAssembly (1088ms)
			LoadAssemblies (122ms)
			RebuildTransferFunctionScriptingTraits (0ms)
			SetupTypeCache (400ms)
			ReleaseScriptCaches (2ms)
			RebuildScriptCaches (68ms)
			SetupLoadedEditorAssemblies (450ms)
				LogAssemblyErrors (0ms)
				InitializePlatformSupportModulesInManaged (17ms)
				SetLoadedEditorAssemblies (0ms)
				RefreshPlugins (1ms)
				BeforeProcessingInitializeOnLoad (92ms)
				ProcessInitializeOnLoadAttributes (296ms)
				ProcessInitializeOnLoadMethodAttributes (36ms)
				AfterProcessingInitializeOnLoad (7ms)
				EditorAssembliesLoaded (0ms)
			ExecutionOrderSort2 (0ms)
			AwakeInstancesAfterBackupRestoration (7ms)
Platform modules already initialized, skipping
Refreshing native plugins compatible for Editor in 3.33 ms, found 3 plugins.
Preloading 0 native plugins for Editor in 0.00 ms.
Unloading 3886 Unused Serialized files (Serialized files now loaded: 0)
Unloading 33 unused Assets / (1.4 MB). Loaded Objects now: 4432.
Memory consumption went from 147.7 MB to 146.3 MB.
Total: 6.158800 ms (FindLiveObjects: 0.836600 ms CreateObjectMapping: 0.612800 ms MarkObjects: 4.246500 ms  DeleteObjects: 0.460700 ms)

AssetImportParameters requested are different than current active one (requested -> active):
  custom:video-decoder-ogg-theora: a1e56fd34408186e4bbccfd4996cb3dc -> 
  custom:container-muxer-webm: aa71ff27fc2769a1b78a27578f13a17b -> 
  custom:container-demuxer-webm: 4f35f7cbe854078d1ac9338744f61a02 -> 
  custom:video-encoder-webm-vp8: eb34c28f22e8b96e1ab97ce403110664 -> 
  custom:video-codec-MediaFoundation-h265: 746d11721c4dcdbdad8f713fa42b33f4 -> 
  custom:audio-encoder-webm-vorbis: bf7c407c2cedff20999df2af8eb42d56 -> 
  custom:framework-win-MediaFoundation: 216162199b28c13a410421893ffa2e32 -> 
  custom:container-demuxer-ogg: 62fdf1f143b41e24485cea50d1cbac27 -> 
  custom:video-decoder-webm-vp8: 9c59270c3fd7afecdb556c50c9e8de78 -> 
  custom:audio-decoder-ogg-vorbis: bf7c407c2cedff20999df2af8eb42d56 -> 
========================================================================
Received Prepare
Registering precompiled user dll's ...
Registered in 0.005151 seconds.
Begin MonoManager ReloadAssembly
Symbol file LoadedFromMemory doesn't match image C:\Users\paulm\2-game-kit-projet\2d gamekit\Library\PackageCache\com.unity.visualscripting@1.7.8\Editor\VisualScripting.Core\Dependencies\YamlDotNet\Unity.VisualScripting.YamlDotNet.dll
Symbol file LoadedFromMemory doesn't match image C:\Users\paulm\2-game-kit-projet\2d gamekit\Library\PackageCache\com.unity.visualscripting@1.7.8\Editor\VisualScripting.Core\Dependencies\DotNetZip\Unity.VisualScripting.IonicZip.dll
Native extension for WindowsStandalone target not found
Native extension for WebGL target not found
Refreshing native plugins compatible for Editor in 1.08 ms, found 3 plugins.
Preloading 0 native plugins for Editor in 0.00 ms.
Mono: successfully reloaded assembly
- Completed reload, in  1.229 seconds
Domain Reload Profiling:
	ReloadAssembly (1230ms)
		BeginReloadAssembly (146ms)
			ExecutionOrderSort (0ms)
			DisableScriptedObjects (6ms)
			BackupInstance (0ms)
			ReleaseScriptingObjects (0ms)
			CreateAndSetChildDomain (50ms)
		EndReloadAssembly (975ms)
			LoadAssemblies (85ms)
			RebuildTransferFunctionScriptingTraits (0ms)
			SetupTypeCache (321ms)
			ReleaseScriptCaches (2ms)
			RebuildScriptCaches (67ms)
			SetupLoadedEditorAssemblies (446ms)
				LogAssemblyErrors (0ms)
				InitializePlatformSupportModulesInManaged (13ms)
				SetLoadedEditorAssemblies (0ms)
				RefreshPlugins (1ms)
				BeforeProcessingInitializeOnLoad (78ms)
				ProcessInitializeOnLoadAttributes (300ms)
				ProcessInitializeOnLoadMethodAttributes (45ms)
				AfterProcessingInitializeOnLoad (8ms)
				EditorAssembliesLoaded (0ms)
			ExecutionOrderSort2 (0ms)
			AwakeInstancesAfterBackupRestoration (8ms)
Platform modules already initialized, skipping
Refreshing native plugins compatible for Editor in 3.42 ms, found 3 plugins.
Preloading 0 native plugins for Editor in 0.00 ms.
Unloading 3886 Unused Serialized files (Serialized files now loaded: 0)
Unloading 33 unused Assets / (1.4 MB). Loaded Objects now: 4435.
Memory consumption went from 147.7 MB to 146.3 MB.
Total: 3.960400 ms (FindLiveObjects: 0.530400 ms CreateObjectMapping: 0.263000 ms MarkObjects: 2.764700 ms  DeleteObjects: 0.400600 ms)

AssetImportParameters requested are different than current active one (requested -> active):
  custom:video-decoder-ogg-theora: a1e56fd34408186e4bbccfd4996cb3dc -> 
  custom:container-muxer-webm: aa71ff27fc2769a1b78a27578f13a17b -> 
  custom:container-demuxer-webm: 4f35f7cbe854078d1ac9338744f61a02 -> 
  custom:video-encoder-webm-vp8: eb34c28f22e8b96e1ab97ce403110664 -> 
  custom:video-codec-MediaFoundation-h265: 746d11721c4dcdbdad8f713fa42b33f4 -> 
  custom:audio-encoder-webm-vorbis: bf7c407c2cedff20999df2af8eb42d56 -> 
  custom:framework-win-MediaFoundation: 216162199b28c13a410421893ffa2e32 -> 
  custom:container-demuxer-ogg: 62fdf1f143b41e24485cea50d1cbac27 -> 
  custom:video-decoder-webm-vp8: 9c59270c3fd7afecdb556c50c9e8de78 -> 
  custom:audio-decoder-ogg-vorbis: bf7c407c2cedff20999df2af8eb42d56 -> 
========================================================================
Received Import Request.
  Time since last request: 402.885114 seconds.
  path: Assets/2DGamekit/Art/Sprites/VFX/Interactables/RockChunks.png
  artifactKey: Guid(41ee6cd071cd1574d96bfdea097a48d1) Importer(815301076,1909f56bfc062723c751e8b465ee728b)
Start importing Assets/2DGamekit/Art/Sprites/VFX/Interactables/RockChunks.png using Guid(41ee6cd071cd1574d96bfdea097a48d1) Importer(815301076,1909f56bfc062723c751e8b465ee728b)  -> (artifact id: '92a6a8840360d39ca148a1dbb4912ec9') in 0.143342 seconds 
========================================================================
Received Prepare
Registering precompiled user dll's ...
Registered in 0.004434 seconds.
Begin MonoManager ReloadAssembly
Symbol file LoadedFromMemory doesn't match image C:\Users\paulm\2-game-kit-projet\2d gamekit\Library\PackageCache\com.unity.visualscripting@1.7.8\Editor\VisualScripting.Core\Dependencies\YamlDotNet\Unity.VisualScripting.YamlDotNet.dll
Symbol file LoadedFromMemory doesn't match image C:\Users\paulm\2-game-kit-projet\2d gamekit\Library\PackageCache\com.unity.visualscripting@1.7.8\Editor\VisualScripting.Core\Dependencies\DotNetZip\Unity.VisualScripting.IonicZip.dll
Native extension for WindowsStandalone target not found
Native extension for WebGL target not found
Refreshing native plugins compatible for Editor in 1.14 ms, found 3 plugins.
Preloading 0 native plugins for Editor in 0.00 ms.
Mono: successfully reloaded assembly
- Completed reload, in  1.259 seconds
Domain Reload Profiling:
	ReloadAssembly (1260ms)
		BeginReloadAssembly (147ms)
			ExecutionOrderSort (0ms)
			DisableScriptedObjects (7ms)
			BackupInstance (0ms)
			ReleaseScriptingObjects (0ms)
			CreateAndSetChildDomain (52ms)
		EndReloadAssembly (1003ms)
			LoadAssemblies (85ms)
			RebuildTransferFunctionScriptingTraits (0ms)
			SetupTypeCache (332ms)
			ReleaseScriptCaches (2ms)
			RebuildScriptCaches (55ms)
			SetupLoadedEditorAssemblies (460ms)
				LogAssemblyErrors (0ms)
				InitializePlatformSupportModulesInManaged (13ms)
				SetLoadedEditorAssemblies (0ms)
				RefreshPlugins (1ms)
				BeforeProcessingInitializeOnLoad (97ms)
				ProcessInitializeOnLoadAttributes (293ms)
				ProcessInitializeOnLoadMethodAttributes (48ms)
				AfterProcessingInitializeOnLoad (7ms)
				EditorAssembliesLoaded (0ms)
			ExecutionOrderSort2 (0ms)
			AwakeInstancesAfterBackupRestoration (9ms)
Platform modules already initialized, skipping
Refreshing native plugins compatible for Editor in 3.07 ms, found 3 plugins.
Preloading 0 native plugins for Editor in 0.00 ms.
Unloading 3886 Unused Serialized files (Serialized files now loaded: 0)
Unloading 33 unused Assets / (1.4 MB). Loaded Objects now: 4438.
Memory consumption went from 147.7 MB to 146.3 MB.
Total: 4.860800 ms (FindLiveObjects: 0.653800 ms CreateObjectMapping: 0.550200 ms MarkObjects: 3.302500 ms  DeleteObjects: 0.352600 ms)

AssetImportParameters requested are different than current active one (requested -> active):
  custom:video-decoder-ogg-theora: a1e56fd34408186e4bbccfd4996cb3dc -> 
  custom:container-muxer-webm: aa71ff27fc2769a1b78a27578f13a17b -> 
  custom:container-demuxer-webm: 4f35f7cbe854078d1ac9338744f61a02 -> 
  custom:video-encoder-webm-vp8: eb34c28f22e8b96e1ab97ce403110664 -> 
  custom:video-codec-MediaFoundation-h265: 746d11721c4dcdbdad8f713fa42b33f4 -> 
  custom:audio-encoder-webm-vorbis: bf7c407c2cedff20999df2af8eb42d56 -> 
  custom:framework-win-MediaFoundation: 216162199b28c13a410421893ffa2e32 -> 
  custom:container-demuxer-ogg: 62fdf1f143b41e24485cea50d1cbac27 -> 
  custom:video-decoder-webm-vp8: 9c59270c3fd7afecdb556c50c9e8de78 -> 
  custom:audio-decoder-ogg-vorbis: bf7c407c2cedff20999df2af8eb42d56 -> 
